\BOOKMARK [0][-]{chapter*.2}{Introduction}{}% 1
\BOOKMARK [0][-]{chapter.1}{Rings and Ideals}{}% 2
\BOOKMARK [1][-]{section*.3}{Rings and Ring Homomorphisms}{chapter.1}% 3
\BOOKMARK [1][-]{section*.4}{Ideals and Generators}{chapter.1}% 4
\BOOKMARK [1][-]{section*.5}{Local Rings}{chapter.1}% 5
\BOOKMARK [1][-]{section*.6}{The Nilradical}{chapter.1}% 6
\BOOKMARK [1][-]{section*.7}{The Jacobson Radical}{chapter.1}% 7
\BOOKMARK [1][-]{section*.8}{Operations on Ideals}{chapter.1}% 8
\BOOKMARK [2][-]{section*.9}{Sum of Ideals}{section*.8}% 9
\BOOKMARK [2][-]{section*.10}{Products of Ideals}{section*.8}% 10
\BOOKMARK [2][-]{section*.11}{Prime Avoidence}{section*.8}% 11
\BOOKMARK [2][-]{section*.12}{Colon Ideals}{section*.8}% 12
\BOOKMARK [2][-]{section*.13}{Radicals of Ideals}{section*.8}% 13
\BOOKMARK [1][-]{section*.14}{Extensions and Contractions}{chapter.1}% 14
\BOOKMARK [1][-]{section*.15}{Power Series Rings}{chapter.1}% 15
\BOOKMARK [1][-]{section*.16}{U.F.D.}{chapter.1}% 16
\BOOKMARK [2][-]{section*.17}{Generalization of U.F.D.}{section*.16}% 17
\BOOKMARK [0][-]{chapter.2}{Zariski Topology}{}% 18
\BOOKMARK [1][-]{section*.19}{Subspaces}{chapter.2}% 19
\BOOKMARK [1][-]{section*.20}{Continuous Functions and Homeomorphisms}{chapter.2}% 20
\BOOKMARK [0][-]{chapter.3}{Localization}{}% 21
\BOOKMARK [0][-]{chapter.4}{Primary Decomposition}{}% 22
\BOOKMARK [0][-]{chapter.5}{Modules and Integral Dependence}{}% 23
\BOOKMARK [1][-]{section*.21}{Modules}{chapter.5}% 24
\BOOKMARK [1][-]{section*.22}{Integral Dependence}{chapter.5}% 25
\BOOKMARK [0][-]{chapter.6}{Appendix}{}% 26
\BOOKMARK [1][-]{section*.23}{Hilbert\205Samuel Multiplicity}{chapter.6}% 27
